
/home/runner/work/exp-random-search-au/exp-random-search-au/experiment/simulation/js/main.js
   9:1588   warning  Do not access Object.prototype method 'hasOwnProperty' from target object  no-prototype-builtins
   9:4551   warning  Do not access Object.prototype method 'hasOwnProperty' from target object  no-prototype-builtins
  17:928    warning  'setImmediate' is not defined                                              no-undef
  25:612    warning  Unexpected combined character in character class                           no-misleading-character-class
  25:3039   warning  Unnecessary escape character: \-                                           no-useless-escape
  25:4928   warning  Do not access Object.prototype method 'hasOwnProperty' from target object  no-prototype-builtins
  29:202    warning  Expected a conditional expression and instead saw an assignment            no-cond-assign
  29:1216   warning  Empty block statement                                                      no-empty
  29:2389   warning  Do not access Object.prototype method 'hasOwnProperty' from target object  no-prototype-builtins
  29:3876   warning  Do not access Object.prototype method 'hasOwnProperty' from target object  no-prototype-builtins
  29:3917   warning  Do not access Object.prototype method 'hasOwnProperty' from target object  no-prototype-builtins
  29:4084   warning  Do not access Object.prototype method 'hasOwnProperty' from target object  no-prototype-builtins
  29:4111   warning  Do not access Object.prototype method 'hasOwnProperty' from target object  no-prototype-builtins
  29:4702   warning  Do not access Object.prototype method 'hasOwnProperty' from target object  no-prototype-builtins
  29:6039   warning  'MSApp' is not defined                                                     no-undef
  29:6087   warning  'MSApp' is not defined                                                     no-undef
  29:7467   warning  Do not access Object.prototype method 'hasOwnProperty' from target object  no-prototype-builtins
  29:7560   warning  Do not access Object.prototype method 'hasOwnProperty' from target object  no-prototype-builtins
  29:8643   warning  Expected a conditional expression and instead saw an assignment            no-cond-assign
  29:9664   warning  Expected to return a value in method 'get'                                 getter-return
  29:9797   warning  'r' is defined but never used                                              no-unused-vars
  29:9799   warning  'i' is defined but never used                                              no-unused-vars
  29:9801   warning  'o' is defined but never used                                              no-unused-vars
  29:9803   warning  'l' is defined but never used                                              no-unused-vars
  29:9805   warning  'u' is defined but never used                                              no-unused-vars
  29:9807   warning  'a' is defined but never used                                              no-unused-vars
  29:9980   warning  'e' is defined but never used                                              no-unused-vars
  29:9982   warning  't' is defined but never used                                              no-unused-vars
  29:9984   warning  'n' is defined but never used                                              no-unused-vars
  29:9986   warning  'r' is defined but never used                                              no-unused-vars
  29:9988   warning  'i' is defined but never used                                              no-unused-vars
  29:9990   warning  'o' is defined but never used                                              no-unused-vars
  29:9992   warning  'l' is defined but never used                                              no-unused-vars
  29:9994   warning  'u' is defined but never used                                              no-unused-vars
  29:9996   warning  'a' is defined but never used                                              no-unused-vars
  29:10048  warning  'e' is defined but never used                                              no-unused-vars
  29:10050  warning  't' is defined but never used                                              no-unused-vars
  29:10052  warning  'n' is defined but never used                                              no-unused-vars
  29:10054  warning  'r' is defined but never used                                              no-unused-vars
  29:10056  warning  'i' is defined but never used                                              no-unused-vars
  29:10058  warning  'o' is defined but never used                                              no-unused-vars
  29:10060  warning  'l' is defined but never used                                              no-unused-vars
  29:10062  warning  'u' is defined but never used                                              no-unused-vars
  29:10064  warning  'a' is defined but never used                                              no-unused-vars
  29:11903  warning  Empty block statement                                                      no-empty
  29:19810  warning  Do not access Object.prototype method 'hasOwnProperty' from target object  no-prototype-builtins
  29:20153  warning  Invalid typeof comparison value                                            valid-typeof
  29:20327  warning  Invalid typeof comparison value                                            valid-typeof
  29:22199  warning  Expected a conditional expression and instead saw an assignment            no-cond-assign
  29:27764  warning  Expected a conditional expression and instead saw an assignment            no-cond-assign
  29:29230  warning  Do not access Object.prototype method 'hasOwnProperty' from target object  no-prototype-builtins
  29:33337  warning  Expected a 'break' statement before 'case'                                 no-fallthrough
  29:33524  warning  Expected a 'break' statement before 'case'                                 no-fallthrough
  29:34644  warning  Expected a conditional expression and instead saw an assignment            no-cond-assign
  29:36089  warning  Expected a 'break' statement before 'case'                                 no-fallthrough
  29:37519  warning  Unexpected control character(s) in regular expression: \x00                no-control-regex
  30:1506   warning  Expected a conditional expression and instead saw an assignment            no-cond-assign
  30:1606   warning  Expected a conditional expression and instead saw an assignment            no-cond-assign
  30:9023   warning  Expected a 'break' statement before 'case'                                 no-fallthrough
  30:9480   warning  Unexpected constant condition                                              no-constant-condition
  30:10091  warning  Expected a conditional expression and instead saw an assignment            no-cond-assign
  30:10954  warning  Expected a conditional expression and instead saw an assignment            no-cond-assign
  30:18248  warning  Expected a conditional expression and instead saw an assignment            no-cond-assign
  30:24834  warning  Empty block statement                                                      no-empty
  30:24843  warning  Empty block statement                                                      no-empty
  32:4002   warning  Expected a conditional expression and instead saw an assignment            no-cond-assign
  32:5124   warning  Expected a conditional expression and instead saw an assignment            no-cond-assign
  32:12971  warning  Do not access Object.prototype method 'hasOwnProperty' from target object  no-prototype-builtins
  32:12992  warning  Do not access Object.prototype method 'hasOwnProperty' from target object  no-prototype-builtins
  32:13062  warning  Do not access Object.prototype method 'hasOwnProperty' from target object  no-prototype-builtins
  32:13244  warning  Do not access Object.prototype method 'hasOwnProperty' from target object  no-prototype-builtins
  32:13346  warning  Do not access Object.prototype method 'hasOwnProperty' from target object  no-prototype-builtins
  32:13426  warning  Do not access Object.prototype method 'hasOwnProperty' from target object  no-prototype-builtins
  32:13450  warning  Do not access Object.prototype method 'hasOwnProperty' from target object  no-prototype-builtins
  32:13502  warning  Do not access Object.prototype method 'hasOwnProperty' from target object  no-prototype-builtins
  32:13857  warning  Do not access Object.prototype method 'hasOwnProperty' from target object  no-prototype-builtins
  32:16057  warning  Do not access Object.prototype method 'hasOwnProperty' from target object  no-prototype-builtins
  32:16336  warning  Do not access Object.prototype method 'hasOwnProperty' from target object  no-prototype-builtins
  32:16783  warning  Unnecessary escape character: \/                                           no-useless-escape
  32:17665  warning  Do not access Object.prototype method 'hasOwnProperty' from target object  no-prototype-builtins
  32:17974  warning  Do not access Object.prototype method 'hasOwnProperty' from target object  no-prototype-builtins
  32:26059  warning  Empty block statement                                                      no-empty
  32:26094  warning  Expected a 'break' statement before 'case'                                 no-fallthrough
  32:30190  warning  Do not access Object.prototype method 'hasOwnProperty' from target object  no-prototype-builtins
  32:31170  warning  't' is defined but never used                                              no-unused-vars
  32:31172  warning  'n' is defined but never used                                              no-unused-vars
  32:31199  warning  't' is defined but never used                                              no-unused-vars
  32:31201  warning  'n' is defined but never used                                              no-unused-vars
  32:34954  warning  Unexpected constant condition                                              no-constant-condition
  32:39497  warning  Unexpected constant condition                                              no-constant-condition
  32:39792  warning  Unexpected constant condition                                              no-constant-condition
  32:42854  warning  Empty block statement                                                      no-empty
  32:53304  warning  Expected a conditional expression and instead saw an assignment            no-cond-assign
  32:54708  warning  'od' is a function                                                         no-func-assign
  32:54714  warning  'ld' is a function                                                         no-func-assign
  32:55631  warning  '__REACT_DEVTOOLS_GLOBAL_HOOK__' is not defined                            no-undef
  32:55730  warning  Empty block statement                                                      no-empty
  32:57781  warning  '__REACT_DEVTOOLS_GLOBAL_HOOK__' is not defined                            no-undef
  32:57838  warning  '__REACT_DEVTOOLS_GLOBAL_HOOK__' is not defined                            no-undef
  41:25     warning  'me' is a function                                                         no-func-assign
  41:6665   warning  Empty block statement                                                      no-empty
  41:27084  warning  'o' is assigned a value but never used                                     no-unused-vars
  49:384    warning  Do not access Object.prototype method 'hasOwnProperty' from target object  no-prototype-builtins
  58:25     warning  'ia' is a function                                                         no-func-assign
  58:432    warning  'n' is defined but never used                                              no-unused-vars
  58:744    warning  'n' is defined but never used                                              no-unused-vars
  58:862    warning  'gy' is assigned a value but never used                                    no-unused-vars
  58:1406   warning  'e' is defined but never used                                              no-unused-vars
  67:25     warning  'la' is a function                                                         no-func-assign
  67:3280   warning  Do not access Object.prototype method 'hasOwnProperty' from target object  no-prototype-builtins
  67:3642   warning  Expected a conditional expression and instead saw an assignment            no-cond-assign
  67:3949   warning  Do not access Object.prototype method 'hasOwnProperty' from target object  no-prototype-builtins
  67:4098   warning  Do not access Object.prototype method 'hasOwnProperty' from target object  no-prototype-builtins
  67:4780   warning  Do not access Object.prototype method 'hasOwnProperty' from target object  no-prototype-builtins
  67:7430   warning  Expected a conditional expression and instead saw an assignment            no-cond-assign
  67:7730   warning  Expected a conditional expression and instead saw an assignment            no-cond-assign
  67:8285   warning  Expected a conditional expression and instead saw an assignment            no-cond-assign
  67:9866   warning  't' is assigned a value but never used                                     no-unused-vars
  67:14635  warning  Redundant double negation                                                  no-extra-boolean-cast
  67:16728  warning  Expected a conditional expression and instead saw an assignment            no-cond-assign
  67:19532  warning  Redundant double negation                                                  no-extra-boolean-cast
  67:20302  warning  Expected a 'break' statement before 'case'                                 no-fallthrough
  67:24733  warning  Expected a conditional expression and instead saw an assignment            no-cond-assign
  67:24994  warning  Expected a conditional expression and instead saw an assignment            no-cond-assign
  67:25034  warning  Expected a conditional expression and instead saw an assignment            no-cond-assign
  67:25098  warning  Expected a conditional expression and instead saw an assignment            no-cond-assign
  67:25137  warning  Expected a conditional expression and instead saw an assignment            no-cond-assign
  67:25200  warning  Expected a conditional expression and instead saw an assignment            no-cond-assign
  67:25244  warning  Expected a conditional expression and instead saw an assignment            no-cond-assign
  67:25293  warning  Do not access Object.prototype method 'hasOwnProperty' from target object  no-prototype-builtins
  67:30330  warning  Expected a conditional expression and instead saw an assignment            no-cond-assign
  67:31010  warning  'WebKitCSSMatrix' is not defined                                           no-undef
  67:36200  warning  Redundant double negation                                                  no-extra-boolean-cast
  67:37351  warning  Expected a conditional expression and instead saw an assignment            no-cond-assign
  67:41555  warning  Expected a conditional expression and instead saw an assignment            no-cond-assign
  67:43921  warning  Expected a conditional expression and instead saw an assignment            no-cond-assign
  67:46112  warning  Expected a conditional expression and instead saw an assignment            no-cond-assign
  67:46139  warning  Expected a conditional expression and instead saw an assignment            no-cond-assign
  67:46354  warning  Expected a conditional expression and instead saw an assignment            no-cond-assign
  67:46381  warning  Expected a conditional expression and instead saw an assignment            no-cond-assign
  67:47381  warning  Expected a conditional expression and instead saw an assignment            no-cond-assign
  67:47806  warning  Expected a conditional expression and instead saw an assignment            no-cond-assign
  67:48471  warning  Expected a conditional expression and instead saw an assignment            no-cond-assign
  67:48498  warning  Expected a conditional expression and instead saw an assignment            no-cond-assign
  67:49060  warning  Expected a conditional expression and instead saw an assignment            no-cond-assign
  67:49184  warning  Expected a conditional expression and instead saw an assignment            no-cond-assign
  67:49540  warning  Expected a conditional expression and instead saw an assignment            no-cond-assign
  67:49791  warning  Expected a conditional expression and instead saw an assignment            no-cond-assign
  67:50280  warning  Expected a conditional expression and instead saw an assignment            no-cond-assign
  67:50555  warning  Expected a conditional expression and instead saw an assignment            no-cond-assign
  67:51472  warning  Redundant double negation                                                  no-extra-boolean-cast
  67:51939  warning  Redundant double negation                                                  no-extra-boolean-cast
  67:52008  warning  Redundant double negation                                                  no-extra-boolean-cast
  67:54376  warning  Redundant double negation                                                  no-extra-boolean-cast
  67:54677  warning  Expected a conditional expression and instead saw an assignment            no-cond-assign
  67:55104  warning  Expected a conditional expression and instead saw an assignment            no-cond-assign
  67:55640  warning  Redundant double negation                                                  no-extra-boolean-cast
  67:56141  warning  Redundant double negation                                                  no-extra-boolean-cast
  67:61547  warning  Expected a conditional expression and instead saw an assignment            no-cond-assign
  67:70405  warning  Redundant double negation                                                  no-extra-boolean-cast
  67:70689  warning  Redundant double negation                                                  no-extra-boolean-cast
  67:71101  warning  Redundant double negation                                                  no-extra-boolean-cast
  67:71724  warning  Redundant double negation                                                  no-extra-boolean-cast
  67:75509  warning  'n' is defined but never used                                              no-unused-vars
  67:75521  warning  'r' is defined but never used                                              no-unused-vars
  67:77003  warning  'r' is defined but never used                                              no-unused-vars
  67:77005  warning  'i' is defined but never used                                              no-unused-vars
  67:77492  warning  'n' is defined but never used                                              no-unused-vars
  67:77494  warning  'r' is defined but never used                                              no-unused-vars
  67:77496  warning  'i' is defined but never used                                              no-unused-vars
  67:87716  warning  'r' is defined but never used                                              no-unused-vars

✖ 171 problems (0 errors, 171 warnings)
  0 errors and 13 warnings potentially fixable with the `--fix` option.

